_________________________________________________________________________________
Generated Quads for the program
  0 : t000	=	80
  1 : t001	=	0
  2 : t002	=	0
  3 : t004	=	t002 * 4
  4 : t003	=	t001 + t004
  5 : t005	=	1
  6 : dp[t003]	=	t005
  7 : t006	=	t005
  8 : t007	=	1
  9 : i	=	t007
 10 : t008	=	t007
 11 : if  i <=n	goto 17
 12 : goto 30
 13 : goto 30
 14 : t009	=	i
 15 : i	=	i + 1
 16 : goto 11
 17 : t010	=	0
 18 : t012	=	i * 4
 19 : t011	=	t010 + t012
 20 : t013	=	0
 21 : t014	=	1
 22 : t015	=	i - t014
 23 : t017	=	t015 * 4
 24 : t016	=	t013 + t017
 25 : t018	=	dp[t016]
 26 : t019	=	t018 * i
 27 : dp[t011]	=	t019
 28 : t020	=	t019
 29 : goto 14
 30 : t021	=	0
 31 : t023	=	n * 4
 32 : t022	=	t021 + t023
 33 : t024	=	dp[t022]
 34 : return	t024
 35 : param	_0
 36 : t025	=	call printStr, 1
 37 : t026	=	1
 38 : err	=	t026
 39 : param	_1
 40 : t027	=	call printStr, 1
 41 : t028	=	& err
 42 : param	t028
 43 : t029	=	call readInt, 1
 44 : n	=	t029
 45 : t030	=	t029
 46 : param	n
 47 : t031	=	call fact, 1
 48 : ans	=	t031
 49 : t032	=	t031
 50 : param	_2
 51 : t033	=	call printStr, 1
 52 : param	ans
 53 : t034	=	call printInt, 1
 54 : param	_3
 55 : t035	=	call printStr, 1
 56 : t036	=	0
 57 : return	t036
_________________________________________________________________________________
Symbol table for the Program
____________________________________________ Global ____________________________________________
Offset = 0
Start Quad Index = 0
End Quad Index =  0
Name	Value	var_type	size	Offset	Type

printInt	null	func		0	-1	ptr-to-St( Global )int
readInt	null	func		0	-1	ptr-to-St( Global )int
printStr	null	func		0	-1	ptr-to-St( Global )int
fact	null	func		0	-1	ptr-to-St( fact )int
main	null	func		0	-1	ptr-to-St( main )int

x-x-x-x-x-x-x-x-x-x-x-x-x-x-x-x-x-x-x-x-x-x-x-x-x-x-x-x-x-x-x-x-x-x-x-x-x-x-x-x-x-x-x-x-x-x-x
_________________________________________________________________________________
____________________________________________ fact ____________________________________________
Offset = -428
Start Quad Index = 0
End Quad Index =  34
Name	Value	var_type	size	Offset	Type

retVal	null	return		4	0	int
n	null	param		4	-4	int
i	null	local		4	-8	int
dp	null	local		320	-328	Array(80,int)
t000	80	temp		4	-332	int
t001	0	temp		4	-336	int
t002	0	temp		4	-340	int
t003	null	temp		4	-344	int
t004	null	temp		4	-348	int
t005	1	temp		4	-352	int
t006	null	temp		4	-356	int
t007	1	temp		4	-360	int
t008	null	temp		4	-364	int
t009	null	temp		4	-368	int
t010	0	temp		4	-372	int
t011	null	temp		4	-376	int
t012	null	temp		4	-380	int
t013	0	temp		4	-384	int
t014	1	temp		4	-388	int
t015	null	temp		4	-392	int
t016	null	temp		4	-396	int
t017	null	temp		4	-400	int
t018	null	temp		4	-404	int
t019	null	temp		4	-408	int
t020	null	temp		4	-412	int
t021	0	temp		4	-416	int
t022	null	temp		4	-420	int
t023	null	temp		4	-424	int
t024	null	temp		4	-428	int

x-x-x-x-x-x-x-x-x-x-x-x-x-x-x-x-x-x-x-x-x-x-x-x-x-x-x-x-x-x-x-x-x-x-x-x-x-x-x-x-x-x-x-x-x-x-x
____________________________________________ main ____________________________________________
Offset = -64
Start Quad Index = 35
End Quad Index =  57
Name	Value	var_type	size	Offset	Type

retVal	null	return		4	0	int
n	null	local		4	-4	int
ans	null	local		4	-8	int
t025	null	temp		4	-12	int
err	1	local		4	-16	int
t026	1	temp		4	-20	int
t027	null	temp		4	-24	int
t028	null	temp		8	-32	ptr(int)
t029	null	temp		4	-36	int
t030	null	temp		4	-40	int
t031	null	temp		4	-44	int
t032	null	temp		4	-48	int
t033	null	temp		4	-52	int
t034	null	temp		4	-56	int
t035	null	temp		4	-60	int
t036	0	temp		4	-64	int

x-x-x-x-x-x-x-x-x-x-x-x-x-x-x-x-x-x-x-x-x-x-x-x-x-x-x-x-x-x-x-x-x-x-x-x-x-x-x-x-x-x-x-x-x-x-x
