_________________________________________________________________________________
Generated Quads for the program
  0 : param	_0
  1 : t000	=	call printStr, 1
  2 : t001	=	1
  3 : err	=	t001
  4 : param	_1
  5 : t002	=	call printStr, 1
  6 : t003	=	& err
  7 : param	t003
  8 : t004	=	call readInt, 1
  9 : a	=	t004
 10 : t005	=	t004
 11 : param	_2
 12 : t006	=	call printStr, 1
 13 : t007	=	& err
 14 : param	t007
 15 : t008	=	call readInt, 1
 16 : b	=	t008
 17 : t009	=	t008
 18 : param	_3
 19 : t010	=	call printStr, 1
 20 : t011	=	& err
 21 : param	t011
 22 : t012	=	call readInt, 1
 23 : c	=	t012
 24 : t013	=	t012
 25 : t014	=	a * b
 26 : t015	=	t014 * c
 27 : prod	=	t015
 28 : t016	=	t015
 29 : param	_4
 30 : t017	=	call printStr, 1
 31 : param	prod
 32 : t018	=	call printInt, 1
 33 : param	_5
 34 : t019	=	call printStr, 1
 35 : param	_6
 36 : t020	=	call printStr, 1
 37 : t021	=	0
 38 : return	t021
_________________________________________________________________________________
Symbol table for the Program
____________________________________________ Global ____________________________________________
Offset = 0
Start Quad Index = 0
End Quad Index =  0
Name	Value	var_type	size	Offset	Type

printInt	null	func		0	-1	ptr-to-St( Global )int
readInt	null	func		0	-1	ptr-to-St( Global )int
printStr	null	func		0	-1	ptr-to-St( Global )int
main	null	func		0	-1	ptr-to-St( main )int

x-x-x-x-x-x-x-x-x-x-x-x-x-x-x-x-x-x-x-x-x-x-x-x-x-x-x-x-x-x-x-x-x-x-x-x-x-x-x-x-x-x-x-x-x-x-x
_________________________________________________________________________________
____________________________________________ main ____________________________________________
Offset = -120
Start Quad Index = 0
End Quad Index =  38
Name	Value	var_type	size	Offset	Type

retVal	null	return		4	0	int
a	null	local		4	-4	int
b	null	local		4	-8	int
c	null	local		4	-12	int
prod	null	local		4	-16	int
t000	null	temp		4	-20	int
err	1	local		4	-24	int
t001	1	temp		4	-28	int
t002	null	temp		4	-32	int
t003	null	temp		8	-40	ptr(int)
t004	null	temp		4	-44	int
t005	null	temp		4	-48	int
t006	null	temp		4	-52	int
t007	null	temp		8	-60	ptr(int)
t008	null	temp		4	-64	int
t009	null	temp		4	-68	int
t010	null	temp		4	-72	int
t011	null	temp		8	-80	ptr(int)
t012	null	temp		4	-84	int
t013	null	temp		4	-88	int
t014	null	temp		4	-92	int
t015	null	temp		4	-96	int
t016	null	temp		4	-100	int
t017	null	temp		4	-104	int
t018	null	temp		4	-108	int
t019	null	temp		4	-112	int
t020	null	temp		4	-116	int
t021	0	temp		4	-120	int

x-x-x-x-x-x-x-x-x-x-x-x-x-x-x-x-x-x-x-x-x-x-x-x-x-x-x-x-x-x-x-x-x-x-x-x-x-x-x-x-x-x-x-x-x-x-x
